This is pdfTeX, Version 3.14159265-2.6-1.40.15 (TeX Live 2014) (preloaded format=pdflatex 2014.11.20)  15 FEB 2015 00:31
entering extended mode
 restricted \write18 enabled.
 %&-line parsing enabled.
**circle_arcs_setup.tex
(./circle_arcs_setup.tex
LaTeX2e <2014/05/01>
Babel <3.9l> and hyphenation patterns for 79 languages loaded.
! Undefined control sequence.
l.4 \tikzset
            {
? x
 
Here is how much of TeX's memory you used:
 7 strings out of 493109
 183 string characters out of 6135009
 52967 words of memory out of 5000000
 3572 multiletter control sequences out of 15000+600000
 3640 words of font info for 14 fonts, out of 8000000 for 9000
 1141 hyphenation exceptions out of 8191
 5i,0n,1p,59b,8s stack positions out of 10000i,500n,10000p,200000b,80000s
No pages of output.
PDF statistics:
 0 PDF objects out of 1000 (max. 8388607)
 0 named destinations out of 1000 (max. 500000)
 1 words of extra memory for PDF output out of 10000 (max. 10000000)

